2022-10-26 01:57:49,243 [INFO] Activator:177 - 


2022-10-26 01:57:49,243 [INFO] Activator:178 - !SESSION log4j initialized
2022-10-26 01:57:57,656 [INFO] McuFinderGlobals:44 - Set McuFinder mode to 2 (CubeIDE integrated)
2022-10-26 01:57:58,505 [INFO] ApplicationProperties:181 - Using Application install path: C:\ST\STM32CubeIDE_1.10.1\STM32CubeIDE\plugins\com.st.stm32cube.common.mx_6.6.1.202207061420
2022-10-26 01:57:58,521 [INFO] DbMcusXml:77 - Set database path to: C:\ST\STM32CubeIDE_1.10.1\STM32CubeIDE\plugins\com.st.stm32cube.common.mx_6.6.1.202207061420\\db\/mcu/
2022-10-26 01:57:58,521 [INFO] ApiDb:269 - Set plugin database path to: C:\ST\STM32CubeIDE_1.10.1\STM32CubeIDE\plugins\com.st.stm32cube.common.mx_6.6.1.202207061420\\db\/plugins/boardmanager/
2022-10-26 01:57:58,521 [WARN] ApiDb:254 - Overriding images path with different value:  => C:\ST\STM32CubeIDE_1.10.1\STM32CubeIDE\plugins\com.st.stm32cube.common.mx_6.6.1.202207061420\\db\/plugins/mcufinder/images/
2022-10-26 01:57:58,552 [INFO] ApiDb:249 - Set database path to: C:\Users\AdminPC\.stmcufinder\plugins\mcufinder//mcu/
2022-10-26 01:57:58,552 [INFO] DbMcusAds:124 - Set database path to: C:\Users\AdminPC\.stmcufinder\plugins\mcufinder//mcu/
2022-10-26 01:57:58,568 [INFO] CrossReferenceDbSqlite:201 - Set database path to: C:\Users\AdminPC\.stmcufinder\plugins\mcufinder//mcu/cs/
2022-10-26 01:57:58,740 [INFO] RulesReader:61 - Compatibility file has been processed (282 Rules)
2022-10-26 01:57:58,882 [INFO] DbMcusXml:77 - Set database path to: C:\ST\STM32CubeIDE_1.10.1\STM32CubeIDE\plugins\com.st.stm32cube.common.mx_6.6.1.202207061420\\db\/mcu/
2022-10-26 01:57:58,882 [INFO] ApiDb:269 - Set plugin database path to: C:\ST\STM32CubeIDE_1.10.1\STM32CubeIDE\plugins\com.st.stm32cube.common.mx_6.6.1.202207061420\\db\/plugins/boardmanager/
2022-10-26 01:57:58,882 [INFO] ApiDb:256 - Set plugin images path to: C:\ST\STM32CubeIDE_1.10.1\STM32CubeIDE\plugins\com.st.stm32cube.common.mx_6.6.1.202207061420\\db\/plugins/mcufinder/images/
2022-10-26 01:57:58,882 [WARN] DbFile:40 - Overriding database path with different value: C:\Users\AdminPC\.stmcufinder\plugins\mcufinder/ => C:\Users\AdminPC\.stmcufinder\plugins\mcufinder
2022-10-26 01:57:58,882 [INFO] ApiDb:249 - Set database path to: C:\Users\AdminPC\.stmcufinder\plugins\mcufinder//mcu/
2022-10-26 01:57:58,882 [WARN] DbFile:40 - Overriding database path with different value: C:\Users\AdminPC\.stmcufinder\plugins\mcufinder/ => C:\Users\AdminPC\.stmcufinder\plugins\mcufinder
2022-10-26 01:57:58,882 [INFO] DbMcusAds:124 - Set database path to: C:\Users\AdminPC\.stmcufinder\plugins\mcufinder//mcu/
2022-10-26 01:57:58,882 [WARN] DbFile:40 - Overriding database path with different value: C:\Users\AdminPC\.stmcufinder\plugins\mcufinder/ => C:\Users\AdminPC\.stmcufinder\plugins\mcufinder
2022-10-26 01:57:58,882 [WARN] DbFile:40 - Overriding database path with different value: C:\Users\AdminPC\.stmcufinder\plugins\mcufinder/ => C:\Users\AdminPC\.stmcufinder\plugins\mcufinder
2022-10-26 01:57:58,882 [INFO] CrossReferenceDbSqlite:201 - Set database path to: C:\Users\AdminPC\.stmcufinder\plugins\mcufinder//mcu/cs/
2022-10-26 01:57:59,039 [INFO] MainPanel:242 - HeapMemory: 268435456
2022-10-26 01:57:59,211 [INFO] DbMcusXml:77 - Set database path to: C:\ST\STM32CubeIDE_1.10.1\STM32CubeIDE\plugins\com.st.stm32cube.common.mx_6.6.1.202207061420\\db\/mcu/
2022-10-26 01:57:59,211 [INFO] ApiDb:269 - Set plugin database path to: C:\ST\STM32CubeIDE_1.10.1\STM32CubeIDE\plugins\com.st.stm32cube.common.mx_6.6.1.202207061420\\db\/plugins/boardmanager/
2022-10-26 01:57:59,211 [INFO] ApiDb:256 - Set plugin images path to: C:\ST\STM32CubeIDE_1.10.1\STM32CubeIDE\plugins\com.st.stm32cube.common.mx_6.6.1.202207061420\\db\/plugins/mcufinder/images/
2022-10-26 01:57:59,211 [WARN] DbFile:40 - Overriding database path with different value: C:\Users\AdminPC\.stmcufinder\plugins\mcufinder/ => C:\Users\AdminPC\.stmcufinder\plugins\mcufinder
2022-10-26 01:57:59,211 [INFO] ApiDb:249 - Set database path to: C:\Users\AdminPC\.stmcufinder\plugins\mcufinder//mcu/
2022-10-26 01:57:59,211 [WARN] DbFile:40 - Overriding database path with different value: C:\Users\AdminPC\.stmcufinder\plugins\mcufinder/ => C:\Users\AdminPC\.stmcufinder\plugins\mcufinder
2022-10-26 01:57:59,211 [INFO] DbMcusAds:124 - Set database path to: C:\Users\AdminPC\.stmcufinder\plugins\mcufinder//mcu/
2022-10-26 01:57:59,211 [WARN] DbFile:40 - Overriding database path with different value: C:\Users\AdminPC\.stmcufinder\plugins\mcufinder/ => C:\Users\AdminPC\.stmcufinder\plugins\mcufinder
2022-10-26 01:57:59,211 [WARN] DbFile:40 - Overriding database path with different value: C:\Users\AdminPC\.stmcufinder\plugins\mcufinder/ => C:\Users\AdminPC\.stmcufinder\plugins\mcufinder
2022-10-26 01:57:59,211 [INFO] CrossReferenceDbSqlite:201 - Set database path to: C:\Users\AdminPC\.stmcufinder\plugins\mcufinder//mcu/cs/
2022-10-26 01:57:59,242 [INFO] ApplicationProperties:181 - Using Application install path: C:\ST\STM32CubeIDE_1.10.1\STM32CubeIDE\plugins\com.st.stm32cube.common.mx_6.6.1.202207061420
2022-10-26 01:57:59,242 [INFO] PluginManage:193 - Search for loadable plugins [exclusion list=, ]
2022-10-26 01:57:59,242 [INFO] PluginManage:307 - Check plugin analytics
2022-10-26 01:57:59,525 [INFO] AnalyticsPlugin:262 - Accepted Software Licenses: 
2022-10-26 01:57:59,525 [INFO] AnalyticsPlugin:264 - Accepted CMSIS Pack Licenses: 
2022-10-26 01:57:59,525 [INFO] AnalyticsPlugin:266 - Accepted Firmware Licenses: 
2022-10-26 01:57:59,556 [INFO] PluginManage:356 - Loaded plugin analytics (category:tool,tabindex:-1)
2022-10-26 01:57:59,556 [INFO] PluginManage:307 - Check plugin cadmodel
2022-10-26 01:57:59,581 [INFO] CADModel:65 - Init CAD model plugin
2022-10-26 01:57:59,581 [INFO] PluginManage:356 - Loaded plugin cadmodel (category:power,tabindex:5)
2022-10-26 01:57:59,581 [INFO] PluginManage:307 - Check plugin clock
2022-10-26 01:57:59,604 [INFO] PluginManage:356 - Loaded plugin clock (category:base,tabindex:2)
2022-10-26 01:57:59,619 [INFO] PluginManage:307 - Check plugin ddr
2022-10-26 01:57:59,619 [INFO] PluginManage:356 - Loaded plugin ddr (category:tool,tabindex:6)
2022-10-26 01:57:59,619 [INFO] PluginManage:307 - Check plugin filemanager
2022-10-26 01:57:59,902 [INFO] PluginManage:356 - Loaded plugin filemanager (category:base,tabindex:10)
2022-10-26 01:57:59,902 [INFO] PluginManage:307 - Check plugin ipmanager
2022-10-26 01:57:59,918 [INFO] PluginManage:356 - Loaded plugin ipmanager (category:base,tabindex:5)
2022-10-26 01:57:59,918 [INFO] PluginManage:307 - Check plugin lpbam
2022-10-26 01:57:59,934 [INFO] PluginManage:356 - Loaded plugin lpbam (category:base,tabindex:0)
2022-10-26 01:57:59,934 [INFO] PluginManage:307 - Check plugin pinoutandconfiguration
2022-10-26 01:57:59,965 [INFO] PluginManage:356 - Loaded plugin pinoutandconfiguration (category:base,tabindex:1)
2022-10-26 01:57:59,965 [INFO] PluginManage:307 - Check plugin pinoutconfig
2022-10-26 01:58:00,012 [INFO] PluginManage:356 - Loaded plugin pinoutconfig (category:base,tabindex:0)
2022-10-26 01:58:00,028 [INFO] PluginManage:307 - Check plugin power
2022-10-26 01:58:00,043 [INFO] PluginManage:356 - Loaded plugin power (category:power,tabindex:4)
2022-10-26 01:58:00,043 [INFO] PluginManage:307 - Check plugin projectmanager
2022-10-26 01:58:00,074 [INFO] PluginManage:356 - Loaded plugin projectmanager (category:projectmanager,tabindex:3)
2022-10-26 01:58:00,074 [INFO] PluginManage:307 - Check plugin thirdparty
2022-10-26 01:58:00,404 [WARN] IntegrityCheckThread:82 - waiting for thirdparty lock release [integrity check]
2022-10-26 01:58:00,404 [INFO] PluginManage:356 - Loaded plugin thirdparty (category:base,tabindex:-1)
2022-10-26 01:58:00,404 [INFO] IntegrityCheckThread:84 - entering critical section [integrity check]
2022-10-26 01:58:00,404 [INFO] PluginManage:307 - Check plugin tools
2022-10-26 01:58:00,404 [INFO] ThirdPartyUpdaterWithRetryManager:70 - Updater plugin not ready yet. [1/15]
2022-10-26 01:58:00,436 [INFO] PluginManage:356 - Loaded plugin tools (category:base,tabindex:7)
2022-10-26 01:58:00,436 [INFO] PluginManage:307 - Check plugin tutovideos
2022-10-26 01:58:00,797 [INFO] PluginManage:356 - Loaded plugin tutovideos (category:base,tabindex:-1)
2022-10-26 01:58:00,813 [INFO] PluginManage:307 - Check plugin updater
2022-10-26 01:58:00,828 [INFO] PluginManage:356 - Loaded plugin updater (category:base,tabindex:12)
2022-10-26 01:58:00,828 [INFO] PluginManage:280 - PluginManage : Loaded plugins [15]
2022-10-26 01:58:01,252 [INFO] PinOutPanel:1468 - setPackage(No Configuration,No Configuration)
2022-10-26 01:58:01,362 [INFO] CADModel:98 - CPN selected for project level
2022-10-26 01:58:01,409 [INFO] IPUIPlugin:79 - create IPUIPlugin
2022-10-26 01:58:01,409 [INFO] PluginManager:217 - loadIPPluginJar : add adc
2022-10-26 01:58:01,457 [INFO] IPUIPlugin:79 - create IPUIPlugin
2022-10-26 01:58:01,457 [INFO] PluginManager:217 - loadIPPluginJar : add aes
2022-10-26 01:58:01,504 [INFO] IPUIPlugin:79 - create IPUIPlugin
2022-10-26 01:58:01,504 [INFO] PluginManager:217 - loadIPPluginJar : add can
2022-10-26 01:58:01,519 [INFO] IPUIPlugin:79 - create IPUIPlugin
2022-10-26 01:58:01,519 [INFO] PluginManager:217 - loadIPPluginJar : add comp
2022-10-26 01:58:01,566 [INFO] IPUIPlugin:79 - create IPUIPlugin
2022-10-26 01:58:01,566 [INFO] PluginManager:217 - loadIPPluginJar : add cryp
2022-10-26 01:58:01,598 [INFO] IPUIPlugin:79 - create IPUIPlugin
2022-10-26 01:58:01,598 [INFO] PluginManager:217 - loadIPPluginJar : add dfsdm
2022-10-26 01:58:01,629 [INFO] IPUIPlugin:79 - create IPUIPlugin
2022-10-26 01:58:01,629 [INFO] PluginManager:217 - loadIPPluginJar : add dma
2022-10-26 01:58:01,676 [INFO] IPUIPlugin:79 - create IPUIPlugin
2022-10-26 01:58:01,676 [INFO] PluginManager:217 - loadIPPluginJar : add dma3
2022-10-26 01:58:01,692 [INFO] IPUIPlugin:79 - create IPUIPlugin
2022-10-26 01:58:01,692 [INFO] PluginManager:217 - loadIPPluginJar : add fatfs
2022-10-26 01:58:01,755 [INFO] IPUIPlugin:79 - create IPUIPlugin
2022-10-26 01:58:01,755 [INFO] PluginManager:217 - loadIPPluginJar : add fmc
2022-10-26 01:58:01,770 [INFO] IPUIPlugin:79 - create IPUIPlugin
2022-10-26 01:58:01,770 [INFO] PluginManager:217 - loadIPPluginJar : add freertos
2022-10-26 01:58:01,802 [INFO] IPUIPlugin:79 - create IPUIPlugin
2022-10-26 01:58:01,802 [INFO] PluginManager:217 - loadIPPluginJar : add genericplugin
2022-10-26 01:58:01,911 [INFO] IPUIPlugin:79 - create IPUIPlugin
2022-10-26 01:58:01,911 [INFO] PluginManager:217 - loadIPPluginJar : add gfxmmu
2022-10-26 01:58:02,116 [INFO] IPUIPlugin:79 - create IPUIPlugin
2022-10-26 01:58:02,116 [INFO] PluginManager:217 - loadIPPluginJar : add gic
2022-10-26 01:58:02,164 [INFO] IPUIPlugin:79 - create IPUIPlugin
2022-10-26 01:58:02,164 [INFO] PluginManager:217 - loadIPPluginJar : add gpio
2022-10-26 01:58:02,273 [INFO] IPUIPlugin:79 - create IPUIPlugin
2022-10-26 01:58:02,273 [INFO] PluginManager:217 - loadIPPluginJar : add gtzc
2022-10-26 01:58:02,344 [INFO] IPUIPlugin:79 - create IPUIPlugin
2022-10-26 01:58:02,344 [INFO] PluginManager:217 - loadIPPluginJar : add hash
2022-10-26 01:58:02,400 [INFO] IPUIPlugin:79 - create IPUIPlugin
2022-10-26 01:58:02,400 [INFO] PluginManager:217 - loadIPPluginJar : add i2c
2022-10-26 01:58:02,464 [INFO] IPUIPlugin:79 - create IPUIPlugin
2022-10-26 01:58:02,464 [INFO] PluginManager:217 - loadIPPluginJar : add i2s
2022-10-26 01:58:02,673 [INFO] IPUIPlugin:79 - create IPUIPlugin
2022-10-26 01:58:02,673 [INFO] PluginManager:217 - loadIPPluginJar : add ipddr
2022-10-26 01:58:02,787 [INFO] IPUIPlugin:79 - create IPUIPlugin
2022-10-26 01:58:02,787 [INFO] PluginManager:217 - loadIPPluginJar : add linkedlist
2022-10-26 01:58:02,828 [INFO] IPUIPlugin:79 - create IPUIPlugin
2022-10-26 01:58:02,828 [INFO] PluginManager:217 - loadIPPluginJar : add lorawan
2022-10-26 01:58:02,874 [INFO] IPUIPlugin:79 - create IPUIPlugin
2022-10-26 01:58:02,874 [INFO] PluginManager:217 - loadIPPluginJar : add ltdc
2022-10-26 01:58:02,891 [INFO] IPUIPlugin:79 - create IPUIPlugin
2022-10-26 01:58:02,891 [INFO] PluginManager:217 - loadIPPluginJar : add mdma
2022-10-26 01:58:02,906 [INFO] IPUIPlugin:79 - create IPUIPlugin
2022-10-26 01:58:02,906 [INFO] PluginManager:217 - loadIPPluginJar : add nvic
2022-10-26 01:58:02,953 [INFO] IPUIPlugin:79 - create IPUIPlugin
2022-10-26 01:58:02,953 [INFO] PluginManager:217 - loadIPPluginJar : add opamp
2022-10-26 01:58:03,063 [INFO] IPUIPlugin:79 - create IPUIPlugin
2022-10-26 01:58:03,063 [INFO] PluginManager:217 - loadIPPluginJar : add openamp
2022-10-26 01:58:03,110 [INFO] IPUIPlugin:79 - create IPUIPlugin
2022-10-26 01:58:03,110 [INFO] PluginManager:217 - loadIPPluginJar : add pdm2pcm
2022-10-26 01:58:03,141 [INFO] IPUIPlugin:79 - create IPUIPlugin
2022-10-26 01:58:03,141 [INFO] PluginManager:217 - loadIPPluginJar : add plateformsettings
2022-10-26 01:58:03,173 [INFO] IPUIPlugin:79 - create IPUIPlugin
2022-10-26 01:58:03,173 [INFO] PluginManager:217 - loadIPPluginJar : add quadspi
2022-10-26 01:58:03,204 [INFO] IPUIPlugin:79 - create IPUIPlugin
2022-10-26 01:58:03,204 [INFO] PluginManager:217 - loadIPPluginJar : add resmgrutility
2022-10-26 01:58:03,267 [INFO] IPUIPlugin:79 - create IPUIPlugin
2022-10-26 01:58:03,267 [INFO] PluginManager:217 - loadIPPluginJar : add sai
2022-10-26 01:58:03,330 [INFO] IPUIPlugin:79 - create IPUIPlugin
2022-10-26 01:58:03,330 [INFO] PluginManager:217 - loadIPPluginJar : add spi
2022-10-26 01:58:03,409 [INFO] ThirdPartyUpdaterWithRetryManager:70 - Updater plugin not ready yet. [2/15]
2022-10-26 01:58:03,409 [INFO] IPUIPlugin:79 - create IPUIPlugin
2022-10-26 01:58:03,409 [INFO] PluginManager:217 - loadIPPluginJar : add stm32_wpan
2022-10-26 01:58:03,441 [INFO] IPUIPlugin:79 - create IPUIPlugin
2022-10-26 01:58:03,441 [INFO] PluginManager:217 - loadIPPluginJar : add tim
2022-10-26 01:58:03,535 [INFO] IPUIPlugin:79 - create IPUIPlugin
2022-10-26 01:58:03,535 [INFO] PluginManager:217 - loadIPPluginJar : add touchsensing
2022-10-26 01:58:03,581 [INFO] IPUIPlugin:79 - create IPUIPlugin
2022-10-26 01:58:03,581 [INFO] PluginManager:217 - loadIPPluginJar : add tracer_emb
2022-10-26 01:58:03,613 [INFO] IPUIPlugin:79 - create IPUIPlugin
2022-10-26 01:58:03,613 [INFO] PluginManager:217 - loadIPPluginJar : add ts
2022-10-26 01:58:03,629 [INFO] IPUIPlugin:79 - create IPUIPlugin
2022-10-26 01:58:03,629 [INFO] PluginManager:217 - loadIPPluginJar : add tsc
2022-10-26 01:58:03,660 [INFO] IPUIPlugin:79 - create IPUIPlugin
2022-10-26 01:58:03,660 [INFO] PluginManager:217 - loadIPPluginJar : add ucpd
2022-10-26 01:58:03,707 [INFO] IPUIPlugin:79 - create IPUIPlugin
2022-10-26 01:58:03,707 [INFO] PluginManager:217 - loadIPPluginJar : add usart
2022-10-26 01:58:03,770 [INFO] IPUIPlugin:79 - create IPUIPlugin
2022-10-26 01:58:03,770 [INFO] PluginManager:217 - loadIPPluginJar : add usbx
2022-10-26 01:58:04,290 [FATAL] Updater:301 - Updater called before beeing initialized
2022-10-26 01:58:04,465 [FATAL] Updater:301 - Updater called before beeing initialized
2022-10-26 01:58:04,480 [INFO] DbMcusAds:52 - JSON generation date=Thu Sep 30 13:56:37 ICT 2021 (1632984997303)
2022-10-26 01:58:04,480 [FATAL] Updater:301 - Updater called before beeing initialized
2022-10-26 01:58:04,575 [WARN] DetailPanel:344 - Failed to get advertising image, set to default
2022-10-26 01:58:04,794 [FATAL] Updater:301 - Updater called before beeing initialized
2022-10-26 01:58:04,794 [FATAL] Updater:301 - Updater called before beeing initialized
2022-10-26 01:58:04,794 [FATAL] Updater:301 - Updater called before beeing initialized
2022-10-26 01:58:04,794 [WARN] DetailPanel:344 - Failed to get advertising image, set to default
2022-10-26 01:58:04,794 [FATAL] Updater:301 - Updater called before beeing initialized
2022-10-26 01:58:04,904 [ERROR] Updater:1105 - MainUpdater not yet initialized. External WinMGr cannot be set.
2022-10-26 01:58:04,920 [INFO] Updater:1041 - Updater Version found : 6.6.1
2022-10-26 01:58:04,951 [INFO] ApplicationProperties:181 - Using Application install path: C:\ST\STM32CubeIDE_1.10.1\STM32CubeIDE\plugins\com.st.stm32cube.common.mx_6.6.1.202207061420
2022-10-26 01:58:05,218 [INFO] MainUpdater:2768 - connection check result : 10
2022-10-26 01:58:05,218 [INFO] MainUpdater:3453 - Updater definition file requires update
2022-10-26 01:58:05,218 [INFO] MainUpdater:280 - Updater Check For Update Now.
2022-10-26 01:58:05,218 [INFO] MicroXplorer:481 - Change Database Version : DB.6.0.60
2022-10-26 01:58:05,335 [INFO] ServerAccessManage:474 - Download File updaters.zip
2022-10-26 01:58:05,540 [INFO] FileExtend:239 - Unzip File : updaters.zip
2022-10-26 01:58:05,540 [INFO] FileExtend:254 - Standard Zip Deflate
2022-10-26 01:58:06,277 [INFO] ServerAccessManage:474 - Download File PacksControlFlags.xml
2022-10-26 01:58:06,372 [INFO] ServerAccessManage:474 - Download File cubemx.pidx
2022-10-26 01:58:06,419 [WARN] MainUpdater:1184 - Updater busy. Cannot search thirdparties
2022-10-26 01:58:06,419 [INFO] ThirdPartyUpdaterWithRetryManager:96 - Updater plugin is busy. [1/15]
2022-10-26 01:58:06,466 [INFO] LoadServerUpdatesThread:367 - End of LoadServerUpdate Thread
2022-10-26 01:58:06,624 [INFO] CheckServerUpdateThread:119 - End of CheckServer Thread
2022-10-26 01:58:06,702 [INFO] MainUpdater:2768 - connection check result : 10
2022-10-26 01:58:06,733 [INFO] McuFinderGlobals:57 - Set McuFinderConnectedMode to true
2022-10-26 01:58:07,016 [INFO] ServerAccessManage:474 - Download File mcusAds.json._tmp_
2022-10-26 01:58:07,138 [INFO] LoadUrlFilesThread:150 - End of LoadUrlFiles Thread
2022-10-26 01:58:07,330 [INFO] ServerAccessManage:474 - Download File cube-finder-db.zip
2022-10-26 01:58:09,424 [WARN] MainUpdater:1184 - Updater busy. Cannot search thirdparties
2022-10-26 01:58:09,424 [INFO] ThirdPartyUpdaterWithRetryManager:96 - Updater plugin is busy. [2/15]
2022-10-26 01:58:12,432 [WARN] MainUpdater:1184 - Updater busy. Cannot search thirdparties
2022-10-26 01:58:12,432 [INFO] ThirdPartyUpdaterWithRetryManager:96 - Updater plugin is busy. [3/15]
2022-10-26 01:58:13,734 [ERROR] LogOutputStream:74 - [STDERR_REDIRECT] SLF4J: Failed to load class "org.slf4j.impl.StaticLoggerBinder".
2022-10-26 01:58:13,734 [ERROR] LogOutputStream:74 - [STDERR_REDIRECT] SLF4J: Defaulting to no-operation (NOP) logger implementation
2022-10-26 01:58:13,734 [ERROR] LogOutputStream:74 - [STDERR_REDIRECT] SLF4J: See http://www.slf4j.org/codes.html#StaticLoggerBinder for further details.
2022-10-26 01:58:15,441 [WARN] MainUpdater:1184 - Updater busy. Cannot search thirdparties
2022-10-26 01:58:15,442 [INFO] ThirdPartyUpdaterWithRetryManager:96 - Updater plugin is busy. [4/15]
2022-10-26 01:58:18,443 [WARN] MainUpdater:1184 - Updater busy. Cannot search thirdparties
2022-10-26 01:58:18,443 [INFO] ThirdPartyUpdaterWithRetryManager:96 - Updater plugin is busy. [5/15]
2022-10-26 01:58:21,449 [WARN] MainUpdater:1184 - Updater busy. Cannot search thirdparties
2022-10-26 01:58:21,449 [INFO] ThirdPartyUpdaterWithRetryManager:96 - Updater plugin is busy. [6/15]
2022-10-26 01:58:24,462 [WARN] MainUpdater:1184 - Updater busy. Cannot search thirdparties
2022-10-26 01:58:24,462 [INFO] ThirdPartyUpdaterWithRetryManager:96 - Updater plugin is busy. [7/15]
2022-10-26 01:58:27,477 [WARN] MainUpdater:1184 - Updater busy. Cannot search thirdparties
2022-10-26 01:58:27,477 [INFO] ThirdPartyUpdaterWithRetryManager:96 - Updater plugin is busy. [8/15]
2022-10-26 01:58:30,490 [WARN] MainUpdater:1184 - Updater busy. Cannot search thirdparties
2022-10-26 01:58:30,490 [INFO] ThirdPartyUpdaterWithRetryManager:96 - Updater plugin is busy. [9/15]
2022-10-26 01:58:32,719 [INFO] FileExtend:239 - Unzip File : cube-finder-db.zip
2022-10-26 01:58:32,719 [INFO] FileExtend:254 - Standard Zip Deflate
2022-10-26 01:58:33,505 [WARN] MainUpdater:1184 - Updater busy. Cannot search thirdparties
2022-10-26 01:58:33,505 [INFO] ThirdPartyUpdaterWithRetryManager:96 - Updater plugin is busy. [10/15]
2022-10-26 01:58:33,639 [INFO] LoadUrlFilesThread:150 - End of LoadUrlFiles Thread
2022-10-26 01:58:34,978 [INFO] ServerAccessManage:474 - Download File crdb.zip
2022-10-26 01:58:36,519 [WARN] MainUpdater:1184 - Updater busy. Cannot search thirdparties
2022-10-26 01:58:36,519 [INFO] ThirdPartyUpdaterWithRetryManager:96 - Updater plugin is busy. [11/15]
2022-10-26 01:58:36,661 [INFO] FileExtend:239 - Unzip File : crdb.zip
2022-10-26 01:58:36,661 [INFO] FileExtend:254 - Standard Zip Deflate
2022-10-26 01:58:36,834 [INFO] LoadUrlFilesThread:150 - End of LoadUrlFiles Thread
2022-10-26 01:58:36,951 [INFO] ServerAccessManage:474 - Download File tutoVideoDB.zip
2022-10-26 01:58:37,110 [INFO] FileExtend:239 - Unzip File : tutoVideoDB.zip
2022-10-26 01:58:37,110 [INFO] FileExtend:254 - Standard Zip Deflate
2022-10-26 01:58:37,219 [INFO] LoadUrlFilesThread:150 - End of LoadUrlFiles Thread
2022-10-26 01:58:37,266 [INFO] JxBrowserEngine:106 - Initiate JxBrowser Engine with user profile folder
2022-10-26 01:58:37,613 [ERROR] JxBrowserEngine:59 - Can't initiate JxBrowser engine com.teamdev.jxbrowser.engine.ChromiumBinariesExtractionException: Failed to extract Chromium binaries into C:\Users\AdminPC\.stm32cubemx\.jxbrowser\Chromium
2022-10-26 01:58:37,613 [WARN] DbFile:40 - Overriding database path with different value: C:\Users\AdminPC\.stmcufinder\plugins\mcufinder/ => C:\Users\AdminPC\.stmcufinder\plugins\mcufinder
2022-10-26 01:58:37,675 [INFO] ServerAccessManage:474 - Download File api_config.json
2022-10-26 01:58:37,785 [INFO] LoadUrlFilesThread:150 - End of LoadUrlFiles Thread
2022-10-26 01:58:37,785 [INFO] DbMcusAds:52 - JSON generation date=Thu Sep 30 13:56:37 ICT 2021 (1632984997303)
2022-10-26 01:58:37,832 [INFO] LoadUrlFilesThread:177 - End of LoadServerUrlFiles without Thread
2022-10-26 01:58:37,834 [INFO] TargetSelectorAdapter:228 - Refresh data is successful
2022-10-26 01:58:38,037 [INFO] ApiDb:576 - Connected to CubeFinder SQLite database (C:\Users\AdminPC\.stmcufinder\plugins\mcufinder\mcu\cube-finder-db.db)
2022-10-26 01:58:38,084 [INFO] ApiDb:663 - CubeFinder database Data Model version=2.1
2022-10-26 01:58:38,084 [INFO] ApiDb:664 - CubeFinder database Configuration version=3.0.32
2022-10-26 01:58:38,084 [INFO] ApiDb:665 - CubeFinder database generation date=2022-08-05 (1659688109)
2022-10-26 01:58:38,084 [INFO] ApiDb:666 - CubeFinder database FW Pack versions=[STM32Cube_FW_C0_V1.0.0, STM32Cube_FW_F4_V1.27.1, STM32Cube_FW_F7_V1.17.0, STM32Cube_FW_G0_V1.6.1, STM32Cube_FW_G4_V1.5.0, STM32Cube_FW_H7_V1.10.0, STM32Cube_FW_L5_V1.4.0, STM32Cube_FW_U5_V1.1.1, STM32Cube_FW_WB_V1.14.1, STM32Cube_FW_WL_V1.2.0, X-CUBE-ALGOBUILD_V1.3.0, X-CUBE-ALS_V1.0.1, X-CUBE-AZRTOS-F4_V1.1.0, X-CUBE-AZRTOS-F7_V1.1.0, X-CUBE-AZRTOS-G0_V1.1.0, X-CUBE-AZRTOS-G4_V1.0.0, X-CUBE-AZRTOS-H7_V2.1.0, X-CUBE-AZRTOS-L4_V1.0.0, X-CUBE-AZRTOS-L5_V1.0.0, X-CUBE-AZRTOS-WL_V1.0.0, X-CUBE-BLE1_V6.2.3, X-CUBE-BLE2_V3.3.0, X-CUBE-EEPRMA1_V3.1.1, X-CUBE-GNSS1_V6.0.0, X-CUBE-MEMS1_V9.1.0, X-CUBE-MEMS1_V9.3.0, X-CUBE-NFC4_V2.0.4, X-CUBE-NFC7_V1.0.0, X-CUBE-SFXS2LP1_V4.0.0, X-CUBE-SUBG2_V5.0.0]
2022-10-26 01:58:39,748 [WARN] PackLoader:242 - Cannot read IP mode file for STMicroelectronics.X-CUBE-GNSS1.6.0.0
2022-10-26 01:58:39,764 [WARN] PackLoader:242 - Cannot read IP mode file for STMicroelectronics.X-CUBE-BLE1.6.2.3
2022-10-26 01:58:39,796 [WARN] PackLoader:242 - Cannot read IP mode file for STMicroelectronics.X-CUBE-NFC4.2.0.4
2022-10-26 01:58:39,811 [WARN] PackLoader:242 - Cannot read IP mode file for STMicroelectronics.X-CUBE-NFC7.1.0.0
2022-10-26 01:58:39,827 [WARN] PackLoader:242 - Cannot read IP mode file for STMicroelectronics.X-CUBE-BLE2.3.3.0
2022-10-26 01:58:39,843 [WARN] PackLoader:242 - Cannot read IP mode file for STMicroelectronics.X-CUBE-DISPLAY.2.2.0
2022-10-26 01:58:39,905 [WARN] PackLoader:242 - Cannot read IP mode file for STMicroelectronics.X-CUBE-AZRTOS-H7.2.1.0
2022-10-26 01:58:39,937 [WARN] PackLoader:242 - Cannot read IP mode file for STMicroelectronics.X-CUBE-ALGOBUILD.1.3.0
2022-10-26 01:58:39,968 [WARN] PackLoader:242 - Cannot read IP mode file for STMicroelectronics.X-CUBE-SUBG2.5.0.0
2022-10-26 01:58:40,015 [WARN] PackLoader:242 - Cannot read IP mode file for STMicroelectronics.X-CUBE-AZRTOS-G4.1.0.0
2022-10-26 01:58:40,062 [WARN] PackLoader:242 - Cannot read IP mode file for STMicroelectronics.X-CUBE-AZRTOS-L4.1.0.0
2022-10-26 01:58:40,094 [WARN] PackLoader:242 - Cannot read IP mode file for STMicroelectronics.X-CUBE-AZRTOS-WL.1.0.0
2022-10-26 01:58:40,110 [WARN] PackLoader:242 - Cannot read IP mode file for STMicroelectronics.X-CUBE-ALS.1.0.1
2022-10-26 01:58:40,156 [WARN] PackLoader:242 - Cannot read IP mode file for STMicroelectronics.X-CUBE-AZRTOS-L5.1.0.0
2022-10-26 01:58:40,172 [WARN] PackLoader:242 - Cannot read IP mode file for STMicroelectronics.X-CUBE-EEPRMA1.3.1.1
2022-10-26 01:58:40,172 [INFO] ThirdParty:929 - Integrity check success = true
2022-10-26 01:58:40,172 [INFO] IntegrityCheckThread:98 - exiting critical section [integrity check]
2022-10-26 01:58:40,172 [INFO] IntegrityCheckThread:101 - End integrity checks thread
2022-10-26 01:58:41,290 [INFO] ApiDb:239 - Found 138 in-development CPN: [B-WB1M-WPAN1, NUCLEO-C031C6, STEVAL-STWINBX1, STM320518-EVAL, STM32C0116-DK, STM32C011D6Y3TR, STM32C011D6Y6TR, STM32C011F4P3, STM32C011F4P6, STM32C011F4U3, STM32C011F4U6TR, STM32C011F6P3, STM32C011F6P6, STM32C011F6U3, STM32C011F6U6TR, STM32C011J4M3, STM32C011J4M6, STM32C011J6M3, STM32C011J6M6, STM32C0316-DK, STM32C031C4T3, STM32C031C4T6, STM32C031C4U3, STM32C031C4U6, STM32C031C6T3, STM32C031C6T6, STM32C031C6U3, STM32C031C6U6, STM32C031F4P3, STM32C031F4P6, STM32C031F6P3, STM32C031F6P6, STM32C031G4U3, STM32C031G4U6, STM32C031G6U3, STM32C031G6U6, STM32C031K4T3, STM32C031K4T6, STM32C031K4U3, STM32C031K4U6, STM32C031K6T3, STM32C031K6T6, STM32C031K6U3, STM32C031K6U6, STM32G071K8TXN, STM32G071K8UXN, STM32G081GBU6N, STM32G081KBT6N, STM32G081KBUXN, STM32G0B1CCT6N, STM32G0B1KCT6, STM32G0B1NEY6TR, STM32G0B1RCT6N, STM32G0C1CCT6, STM32G0C1CCT6N, STM32G0C1CCU6N, STM32G0C1CET6N, STM32G0C1CEU6N, STM32G0C1KCT6, STM32G0C1NEY6TR, STM32G0C1RCI6N, STM32G0C1RCT6N, STM32G0C1REI6N, STM32G0C1RET6N, STM32G0C1VCI6, STM32G0C1VEI6, STM32G471CCT6, STM32G471CCU6, STM32G471CET3, STM32G471CET6, STM32G471CEU3, STM32G471CEU6, STM32G471MCT6, STM32G471MET3, STM32G471MET6, STM32G471MEY6TR, STM32G471QCT6, STM32G471QET3, STM32G471RCT6, STM32G471RET3, STM32G471RET6, STM32G471VCH6, STM32G471VCI6, STM32G471VCT6, STM32G471VEH3, STM32G471VEH6, STM32G471VEI3, STM32G471VEI6, STM32G471VET3, STM32G471VET6, STM32G474CCT6, STM32L476VGY6PTR, STM32L4R5QGI6STR, STM32MP131AAE3, STM32MP131AAF3, STM32MP131AAG3, STM32MP131CAE3, STM32MP131CAF3, STM32MP131CAG3, STM32MP131DAE7, STM32MP131DAF7, STM32MP131DAG7, STM32MP131FAE7, STM32MP131FAF7, STM32MP131FAG7, STM32MP133AAE3, STM32MP133AAF3, STM32MP133AAG3, STM32MP133CAE3, STM32MP133CAF3, STM32MP133CAG3, STM32MP133DAE7, STM32MP133DAF7, STM32MP133DAG7, STM32MP133FAE7, STM32MP133FAF7, STM32MP133FAG7, STM32MP135AAE3, STM32MP135AAF3, STM32MP135AAG3, STM32MP135CAE3, STM32MP135CAF3, STM32MP135CAG3, STM32MP135DAE7, STM32MP135DAF7, STM32MP135DAG7, STM32MP135F-DK, STM32MP135FAE7, STM32MP135FAF7, STM32MP135FAG7, STM32U595ZJT6Q, STM32U599BJY6QTR, STM32U599NIH6Q, STM32U599NJH6Q, STM32U5A5ZJT6Q, STM32U5A9BJY6QTR, STM32U5A9NJH6Q, STM32WB1MMCH6]
2022-10-26 01:58:41,303 [INFO] DbMcus:215 - Found 3542 MCUs, 3542 are supported
2022-10-26 01:58:41,303 [INFO] ApiDb:418 - Load user favorites file C:\Users\AdminPC/.stm32cubeide/favorites.mcus.txt: 0 item(s)
2022-10-26 01:58:41,303 [INFO] ApiDb:422 - User favorites MCUs=[]
2022-10-26 01:58:41,303 [INFO] DbMcus:221 - Set 0 / 0 favorites MCUs
2022-10-26 01:58:41,303 [INFO] ApiDb:663 - CubeFinder database Data Model version=2.1
2022-10-26 01:58:41,303 [INFO] ApiDb:664 - CubeFinder database Configuration version=3.0.32
2022-10-26 01:58:41,303 [INFO] ApiDb:665 - CubeFinder database generation date=2022-08-05 (1659688109)
2022-10-26 01:58:41,303 [INFO] ApiDb:666 - CubeFinder database FW Pack versions=[STM32Cube_FW_C0_V1.0.0, STM32Cube_FW_F4_V1.27.1, STM32Cube_FW_F7_V1.17.0, STM32Cube_FW_G0_V1.6.1, STM32Cube_FW_G4_V1.5.0, STM32Cube_FW_H7_V1.10.0, STM32Cube_FW_L5_V1.4.0, STM32Cube_FW_U5_V1.1.1, STM32Cube_FW_WB_V1.14.1, STM32Cube_FW_WL_V1.2.0, X-CUBE-ALGOBUILD_V1.3.0, X-CUBE-ALS_V1.0.1, X-CUBE-AZRTOS-F4_V1.1.0, X-CUBE-AZRTOS-F7_V1.1.0, X-CUBE-AZRTOS-G0_V1.1.0, X-CUBE-AZRTOS-G4_V1.0.0, X-CUBE-AZRTOS-H7_V2.1.0, X-CUBE-AZRTOS-L4_V1.0.0, X-CUBE-AZRTOS-L5_V1.0.0, X-CUBE-AZRTOS-WL_V1.0.0, X-CUBE-BLE1_V6.2.3, X-CUBE-BLE2_V3.3.0, X-CUBE-EEPRMA1_V3.1.1, X-CUBE-GNSS1_V6.0.0, X-CUBE-MEMS1_V9.1.0, X-CUBE-MEMS1_V9.3.0, X-CUBE-NFC4_V2.0.4, X-CUBE-NFC7_V1.0.0, X-CUBE-SFXS2LP1_V4.0.0, X-CUBE-SUBG2_V5.0.0]
2022-10-26 01:58:41,397 [INFO] DbBoardsSqlite:227 - include board P-NUCLEO-WB55-NUCLEO as a kit item of type 'Nucleo-64'
2022-10-26 01:58:41,397 [INFO] DbBoardsSqlite:227 - include board P-NUCLEO-WB55-USBDONGLE as a kit item of type 'Nucleo USB Dongle'
2022-10-26 01:58:41,397 [INFO] DbBoardsSqlite:227 - include board STEVAL-IDP005V1 as a kit item of type 'Evaluation Board'
2022-10-26 01:58:41,397 [INFO] DbBoardsSqlite:227 - include board STEVAL-IDP005V2 as a kit item of type 'Evaluation Board'
2022-10-26 01:58:41,413 [INFO] ApiDb:239 - Found 138 in-development CPN: [B-WB1M-WPAN1, NUCLEO-C031C6, STEVAL-STWINBX1, STM320518-EVAL, STM32C0116-DK, STM32C011D6Y3TR, STM32C011D6Y6TR, STM32C011F4P3, STM32C011F4P6, STM32C011F4U3, STM32C011F4U6TR, STM32C011F6P3, STM32C011F6P6, STM32C011F6U3, STM32C011F6U6TR, STM32C011J4M3, STM32C011J4M6, STM32C011J6M3, STM32C011J6M6, STM32C0316-DK, STM32C031C4T3, STM32C031C4T6, STM32C031C4U3, STM32C031C4U6, STM32C031C6T3, STM32C031C6T6, STM32C031C6U3, STM32C031C6U6, STM32C031F4P3, STM32C031F4P6, STM32C031F6P3, STM32C031F6P6, STM32C031G4U3, STM32C031G4U6, STM32C031G6U3, STM32C031G6U6, STM32C031K4T3, STM32C031K4T6, STM32C031K4U3, STM32C031K4U6, STM32C031K6T3, STM32C031K6T6, STM32C031K6U3, STM32C031K6U6, STM32G071K8TXN, STM32G071K8UXN, STM32G081GBU6N, STM32G081KBT6N, STM32G081KBUXN, STM32G0B1CCT6N, STM32G0B1KCT6, STM32G0B1NEY6TR, STM32G0B1RCT6N, STM32G0C1CCT6, STM32G0C1CCT6N, STM32G0C1CCU6N, STM32G0C1CET6N, STM32G0C1CEU6N, STM32G0C1KCT6, STM32G0C1NEY6TR, STM32G0C1RCI6N, STM32G0C1RCT6N, STM32G0C1REI6N, STM32G0C1RET6N, STM32G0C1VCI6, STM32G0C1VEI6, STM32G471CCT6, STM32G471CCU6, STM32G471CET3, STM32G471CET6, STM32G471CEU3, STM32G471CEU6, STM32G471MCT6, STM32G471MET3, STM32G471MET6, STM32G471MEY6TR, STM32G471QCT6, STM32G471QET3, STM32G471RCT6, STM32G471RET3, STM32G471RET6, STM32G471VCH6, STM32G471VCI6, STM32G471VCT6, STM32G471VEH3, STM32G471VEH6, STM32G471VEI3, STM32G471VEI6, STM32G471VET3, STM32G471VET6, STM32G474CCT6, STM32L476VGY6PTR, STM32L4R5QGI6STR, STM32MP131AAE3, STM32MP131AAF3, STM32MP131AAG3, STM32MP131CAE3, STM32MP131CAF3, STM32MP131CAG3, STM32MP131DAE7, STM32MP131DAF7, STM32MP131DAG7, STM32MP131FAE7, STM32MP131FAF7, STM32MP131FAG7, STM32MP133AAE3, STM32MP133AAF3, STM32MP133AAG3, STM32MP133CAE3, STM32MP133CAF3, STM32MP133CAG3, STM32MP133DAE7, STM32MP133DAF7, STM32MP133DAG7, STM32MP133FAE7, STM32MP133FAF7, STM32MP133FAG7, STM32MP135AAE3, STM32MP135AAF3, STM32MP135AAG3, STM32MP135CAE3, STM32MP135CAF3, STM32MP135CAG3, STM32MP135DAE7, STM32MP135DAF7, STM32MP135DAG7, STM32MP135F-DK, STM32MP135FAE7, STM32MP135FAF7, STM32MP135FAG7, STM32U595ZJT6Q, STM32U599BJY6QTR, STM32U599NIH6Q, STM32U599NJH6Q, STM32U5A5ZJT6Q, STM32U5A9BJY6QTR, STM32U5A9NJH6Q, STM32WB1MMCH6]
2022-10-26 01:58:41,690 [INFO] BoardInfo:879 - No configuration file found for board P-NUCLEO-WB55
2022-10-26 01:58:41,690 [INFO] DbBoards:156 - Kit is not supported: P-NUCLEO-WB55
2022-10-26 01:58:41,704 [INFO] BoardInfo:879 - No configuration file found for board STEVAL-BFA001V1B
2022-10-26 01:58:41,704 [INFO] DbBoards:156 - Kit is not supported: STEVAL-BFA001V1B
2022-10-26 01:58:41,704 [INFO] BoardInfo:879 - No configuration file found for board STEVAL-BFA001V2B
2022-10-26 01:58:41,704 [INFO] DbBoards:156 - Kit is not supported: STEVAL-BFA001V2B
2022-10-26 01:58:41,909 [INFO] DbBoards:160 - Found 176 boards, 173 are supported
2022-10-26 01:58:41,917 [INFO] ApiDb:418 - Load user favorites file C:\Users\AdminPC/.stm32cubeide/favorites.boards.txt: 0 item(s)
2022-10-26 01:58:41,917 [INFO] ApiDb:422 - User favorites Boards=[]
2022-10-26 01:58:41,917 [INFO] DbBoards:189 - Set 0 / 0 favorites Boards
2022-10-26 01:58:41,917 [INFO] ApiDb:663 - CubeFinder database Data Model version=2.1
2022-10-26 01:58:41,917 [INFO] ApiDb:664 - CubeFinder database Configuration version=3.0.32
2022-10-26 01:58:41,917 [INFO] ApiDb:665 - CubeFinder database generation date=2022-08-05 (1659688109)
2022-10-26 01:58:41,917 [INFO] ApiDb:666 - CubeFinder database FW Pack versions=[STM32Cube_FW_C0_V1.0.0, STM32Cube_FW_F4_V1.27.1, STM32Cube_FW_F7_V1.17.0, STM32Cube_FW_G0_V1.6.1, STM32Cube_FW_G4_V1.5.0, STM32Cube_FW_H7_V1.10.0, STM32Cube_FW_L5_V1.4.0, STM32Cube_FW_U5_V1.1.1, STM32Cube_FW_WB_V1.14.1, STM32Cube_FW_WL_V1.2.0, X-CUBE-ALGOBUILD_V1.3.0, X-CUBE-ALS_V1.0.1, X-CUBE-AZRTOS-F4_V1.1.0, X-CUBE-AZRTOS-F7_V1.1.0, X-CUBE-AZRTOS-G0_V1.1.0, X-CUBE-AZRTOS-G4_V1.0.0, X-CUBE-AZRTOS-H7_V2.1.0, X-CUBE-AZRTOS-L4_V1.0.0, X-CUBE-AZRTOS-L5_V1.0.0, X-CUBE-AZRTOS-WL_V1.0.0, X-CUBE-BLE1_V6.2.3, X-CUBE-BLE2_V3.3.0, X-CUBE-EEPRMA1_V3.1.1, X-CUBE-GNSS1_V6.0.0, X-CUBE-MEMS1_V9.1.0, X-CUBE-MEMS1_V9.3.0, X-CUBE-NFC4_V2.0.4, X-CUBE-NFC7_V1.0.0, X-CUBE-SFXS2LP1_V4.0.0, X-CUBE-SUBG2_V5.0.0]
2022-10-26 01:58:42,903 [INFO] DbExamplesSqlite:374 - Ignored 31 examples not supported by CubeIDE
2022-10-26 01:58:42,903 [INFO] DbExamplesSqlite:375 - Found 6197 examples active
2022-10-26 01:58:42,903 [INFO] DbExamplesSqlite:376 - Found 89 examples obsolete
2022-10-26 01:58:42,903 [INFO] DbExamplesSqlite:377 - Found 0 examples under development
2022-10-26 01:58:42,903 [INFO] DbExamplesSqlite:378 - Found 76 examples not building
2022-10-26 01:58:42,903 [INFO] DbExamples:124 - Found 6242 examples
2022-10-26 01:58:42,919 [INFO] DbExamples:221 - Found 77 boards with related examples
2022-10-26 01:58:42,934 [INFO] DbExamples:234 - Found 64 MCUs with related examples
2022-10-26 01:58:43,004 [INFO] ApiDb:418 - Load user favorites file C:\Users\AdminPC/.stm32cubeide/favorites.examples.txt: 0 item(s)
2022-10-26 01:58:43,004 [INFO] ApiDb:422 - User favorites Examples=[]
2022-10-26 01:58:43,004 [INFO] DbExamples:249 - Set 0 / 0 favorites Examples
2022-10-26 01:58:43,501 [INFO] McuFinderGlobals:57 - Set McuFinderConnectedMode to true
2022-10-26 01:58:43,516 [INFO] MultiScanPanel:195 - Auto-refresh data requested => check proxy status ongoing
2022-10-26 01:58:43,532 [INFO] FinderPluginLoader:92 - Searching for filters in installed packs
2022-10-26 01:58:45,483 [INFO] LoadUrlFilesThread:177 - End of LoadServerUrlFiles without Thread
2022-10-26 01:58:45,531 [INFO] DetailPanel:339 - Set advertising image to C:/Users/AdminPC/STM32Cube/Repository/\en.Prom_NBSTM32U50921.jpg
2022-10-26 01:59:55,886 [INFO] McuFinderGlobals:57 - Set McuFinderConnectedMode to true
2022-10-26 01:59:55,891 [INFO] ApiDb:443 - Save user favorites file C:\Users\AdminPC/.stm32cubeide/favorites.mcus.txt: 0 item(s)
2022-10-26 01:59:55,891 [INFO] ApiDb:447 - User favorites MCUs=[]
2022-10-26 02:00:44,614 [INFO] MainUpdater:2768 - connection check result : 10
2022-10-26 02:00:44,614 [INFO] MainUpdater:2768 - connection check result : 10
2022-10-26 02:00:44,669 [INFO] MicroXplorer:451 - Change Database Path : 
2022-10-26 02:00:44,669 [INFO] MicroXplorer:481 - Change Database Version : DB.6.0.60
2022-10-26 02:00:44,669 [WARN] ThirdParty:827 - waiting for thirdparty lock release [close project]
2022-10-26 02:00:44,669 [INFO] ThirdParty:829 - entering critical section [close project]
2022-10-26 02:00:44,676 [INFO] ThirdParty:839 - exiting critical section [close project]
2022-10-26 02:00:44,683 [INFO] PinOutPanel:1468 - setPackage(No Configuration,No Configuration)
2022-10-26 02:00:44,690 [INFO] UtilMem:74 - Begin LoadConfig() Used Memory: 411475408 Bytes (611319808)
2022-10-26 02:00:44,694 [INFO] MicroXplorer:451 - Change Database Path : 
2022-10-26 02:00:44,694 [INFO] MicroXplorer:481 - Change Database Version : DB.6.0.60
2022-10-26 02:00:44,694 [INFO] OpenFileManager:307 - Change cursor
2022-10-26 02:00:44,773 [INFO] Mcu:1922 - Initializing MCU STM32F103C(4-6)Tx STM32F103C6Tx STM32F103C6T6A
2022-10-26 02:00:46,468 [INFO] Context:654 - Trying to add GPIOservice into a context  which must be forbidden
2022-10-26 02:00:46,940 [WARN] ApiManager:308 - Cannot register API 'Board Extension:GNSS1A1' from pack STMicroelectronics.X-CUBE-GNSS1.6.0.0: no header file found
2022-10-26 02:00:46,940 [WARN] ApiManager:308 - Cannot register API 'Board Support:Custom' from pack STMicroelectronics.X-CUBE-GNSS1.6.0.0: no header file found
2022-10-26 02:00:46,940 [WARN] ApiManager:308 - Cannot register API 'Data Exchange:lib_gnss' from pack STMicroelectronics.X-CUBE-GNSS1.6.0.0: no header file found
2022-10-26 02:00:46,971 [WARN] ModelIntegratedComponent:64 - No mode defined for component null
2022-10-26 02:00:46,971 [WARN] ModelIntegratedComponent:64 - No mode defined for component null
2022-10-26 02:00:46,971 [WARN] ModelIntegratedComponent:64 - No mode defined for component null
2022-10-26 02:00:46,971 [WARN] ModelIntegratedComponent:64 - No mode defined for component null
2022-10-26 02:00:46,971 [WARN] ModelIntegratedComponent:64 - No mode defined for component null
2022-10-26 02:00:46,971 [WARN] ModelIntegratedComponent:64 - No mode defined for component null
2022-10-26 02:00:46,971 [WARN] ModelIntegratedComponent:64 - No mode defined for component null
2022-10-26 02:00:46,971 [WARN] ModelIntegratedComponent:64 - No mode defined for component null
2022-10-26 02:00:46,971 [WARN] ModelIntegratedComponent:64 - No mode defined for component null
2022-10-26 02:00:46,971 [WARN] ModelIntegratedComponent:64 - No mode defined for component null
2022-10-26 02:00:46,971 [WARN] ModelIntegratedComponent:64 - No mode defined for component null
2022-10-26 02:00:46,971 [WARN] ModelIntegratedComponent:64 - No mode defined for component null
2022-10-26 02:00:46,971 [WARN] ModelIntegratedComponent:64 - No mode defined for component null
2022-10-26 02:00:46,971 [WARN] ModelIntegratedComponent:64 - No mode defined for component null
2022-10-26 02:00:46,971 [WARN] ModelIntegratedComponent:64 - No mode defined for component null
2022-10-26 02:00:46,971 [WARN] ModelIntegratedComponent:64 - No mode defined for component null
2022-10-26 02:00:46,971 [WARN] ModelIntegratedComponent:64 - No mode defined for component null
2022-10-26 02:00:46,971 [WARN] ModelIntegratedComponent:64 - No mode defined for component null
2022-10-26 02:00:46,971 [WARN] ModelIntegratedComponent:64 - No mode defined for component null
2022-10-26 02:00:46,971 [WARN] ModelIntegratedComponent:64 - No mode defined for component null
2022-10-26 02:00:46,971 [WARN] ModelIntegratedComponent:64 - No mode defined for component null
2022-10-26 02:00:46,971 [WARN] ModelIntegratedComponent:64 - No mode defined for component null
2022-10-26 02:00:46,971 [WARN] ModelIntegratedComponent:64 - No mode defined for component null
2022-10-26 02:00:46,971 [WARN] ModelIntegratedComponent:64 - No mode defined for component null
2022-10-26 02:00:46,971 [WARN] ModelIntegratedComponent:64 - No mode defined for component null
2022-10-26 02:00:46,971 [WARN] ModelIntegratedComponent:64 - No mode defined for component null
2022-10-26 02:00:46,971 [WARN] ModelIntegratedComponent:64 - No mode defined for component null
2022-10-26 02:00:46,971 [WARN] ModelIntegratedComponent:64 - No mode defined for component null
2022-10-26 02:00:46,971 [WARN] ModelIntegratedComponent:64 - No mode defined for component null
2022-10-26 02:00:46,971 [WARN] ModelIntegratedComponent:64 - No mode defined for component null
2022-10-26 02:00:46,971 [WARN] ModelIntegratedComponent:64 - No mode defined for component null
2022-10-26 02:00:46,971 [WARN] ModelIntegratedComponent:64 - No mode defined for component null
2022-10-26 02:00:46,971 [WARN] ModelIntegratedComponent:64 - No mode defined for component null
2022-10-26 02:00:46,971 [WARN] ApiManager:308 - Cannot register API 'Board Extension:NFC07A1' from pack STMicroelectronics.X-CUBE-NFC7.1.0.0: no header file found
2022-10-26 02:00:46,987 [WARN] ApiManager:308 - Cannot register API 'Wireless:BlueNRG-MS' from pack STMicroelectronics.X-CUBE-BLE1.6.2.3: no header file found
2022-10-26 02:00:46,991 [INFO] RtosManager:488 - Registered RTOS mode: class=CMSIS, group=RTOS, mode=CMSIS_V1, owner=FREERTOS
2022-10-26 02:00:46,991 [INFO] RtosManager:488 - Registered RTOS mode: class=CMSIS, group=RTOS2, mode=CMSIS_V2, owner=FREERTOS
2022-10-26 02:00:46,991 [INFO] RtosManager:488 - Registered RTOS mode: class=RTOS, group=Core, mode=CMSIS_V1, owner=FREERTOS
2022-10-26 02:00:46,991 [INFO] RtosManager:488 - Registered RTOS mode: class=RTOS, group=Core, mode=CMSIS_V2, owner=FREERTOS
2022-10-26 02:00:46,991 [WARN] ModelIntegratedComponent:185 - Missing modes for component STMicroelectronics:FreeRTOS:0.0.1:STMicroelectronics:RTOS:FreeRTOS:Core:::10.2.0:
2022-10-26 02:00:46,991 [WARN] ApiManager:308 - Cannot register API 'Board Extension:S2868A1' from pack STMicroelectronics.X-CUBE-SUBG2.5.0.0: no header file found
2022-10-26 02:00:46,991 [WARN] ApiManager:308 - Cannot register API 'Board Extension:S2868A2' from pack STMicroelectronics.X-CUBE-SUBG2.5.0.0: no header file found
2022-10-26 02:00:46,991 [WARN] ApiManager:308 - Cannot register API 'Board Extension:S2915A1' from pack STMicroelectronics.X-CUBE-SUBG2.5.0.0: no header file found
2022-10-26 02:00:47,003 [WARN] ApiManager:308 - Cannot register API 'Board Extension:EEPRMA1' from pack STMicroelectronics.X-CUBE-EEPRMA1.3.1.1: no header file found
2022-10-26 02:00:47,003 [WARN] ApiManager:308 - Cannot register API 'Board Extension:EEPRMA2' from pack STMicroelectronics.X-CUBE-EEPRMA1.3.1.1: no header file found
2022-10-26 02:00:47,003 [WARN] ApiManager:308 - Cannot register API 'Wireless:BlueNRG-2' from pack STMicroelectronics.X-CUBE-BLE2.3.3.0: no header file found
2022-10-26 02:00:47,003 [WARN] ApiManager:308 - Cannot register API 'Board Extension:NFC04A1' from pack STMicroelectronics.X-CUBE-NFC4.2.0.4: no header file found
2022-10-26 02:00:47,003 [INFO] ThirdPartyModel:289 - Start build external matchings
2022-10-26 02:00:47,067 [INFO] ThirdPartyModel:302 - End build external matchings
2022-10-26 02:00:47,382 [INFO] UtilMem:74 - End LoadConfig() Used Memory: 444838904 Bytes (611319808)
2022-10-26 02:00:47,392 [INFO] ApiDb:576 - Connected to CubeFinder SQLite database (C:\Users\AdminPC\.stmcufinder\plugins\mcufinder\mcu\cube-finder-db.db)
2022-10-26 02:00:47,465 [WARN] ThirdParty:789 - waiting for thirdparty lock release [change project]
2022-10-26 02:00:47,465 [INFO] ThirdParty:791 - entering critical section [change project]
2022-10-26 02:00:47,465 [INFO] ThirdParty:981 - CMSIS Pack Vendor :STMicroelectronics X-CUBE-GNSS1 6.0.0
2022-10-26 02:00:47,465 [INFO] ThirdParty:981 - CMSIS Pack Vendor :STMicroelectronics X-CUBE-AZRTOS-H7 2.1.0
2022-10-26 02:00:47,465 [INFO] ThirdParty:981 - CMSIS Pack Vendor :STMicroelectronics USB_HOST 2.0.0
2022-10-26 02:00:47,465 [INFO] ThirdParty:981 - CMSIS Pack Vendor :STMicroelectronics LIBJPEG 8.0.0
2022-10-26 02:00:47,465 [INFO] ThirdParty:981 - CMSIS Pack Vendor :STMicroelectronics X-CUBE-AZRTOS-G4 1.0.0
2022-10-26 02:00:47,465 [INFO] ThirdParty:981 - CMSIS Pack Vendor :STMicroelectronics X-CUBE-AZRTOS-L4 1.0.0
2022-10-26 02:00:47,465 [INFO] ThirdParty:981 - CMSIS Pack Vendor :STMicroelectronics USB_DEVICE 3.0.0
2022-10-26 02:00:47,465 [INFO] ThirdParty:981 - CMSIS Pack Vendor :STMicroelectronics HAL Drivers 0.0.0
2022-10-26 02:00:47,465 [INFO] ThirdParty:981 - CMSIS Pack Vendor :STMicroelectronics MBEDTLS 2.16.2
2022-10-26 02:00:47,465 [INFO] ThirdParty:981 - CMSIS Pack Vendor :STMicroelectronics MBEDTLS 2.14.1
2022-10-26 02:00:47,465 [INFO] ThirdParty:981 - CMSIS Pack Vendor :STMicroelectronics X-CUBE-NFC7 1.0.0
2022-10-26 02:00:47,465 [INFO] ThirdParty:981 - CMSIS Pack Vendor :STMicroelectronics X-CUBE-AZRTOS-WL 1.0.0
2022-10-26 02:00:47,465 [INFO] ThirdParty:981 - CMSIS Pack Vendor :STMicroelectronics X-CUBE-ALS 1.0.1
2022-10-26 02:00:47,465 [INFO] ThirdParty:981 - CMSIS Pack Vendor :STMicroelectronics USB_DEVICE 2.0.0
2022-10-26 02:00:47,465 [INFO] ThirdParty:981 - CMSIS Pack Vendor :STMicroelectronics ThreadX 1.0.0
2022-10-26 02:00:47,465 [INFO] ThirdParty:981 - CMSIS Pack Vendor :STMicroelectronics X-CUBE-BLE1 6.2.3
2022-10-26 02:00:47,465 [INFO] ThirdParty:981 - CMSIS Pack Vendor :STMicroelectronics X-CUBE-ALGOBUILD 1.3.0
2022-10-26 02:00:47,465 [INFO] ThirdParty:981 - CMSIS Pack Vendor :STMicroelectronics X-CUBE-AZRTOS-L5 1.0.0
2022-10-26 02:00:47,465 [INFO] ThirdParty:981 - CMSIS Pack Vendor :STMicroelectronics FreeRTOS 0.0.1
2022-10-26 02:00:47,465 [INFO] ThirdParty:981 - CMSIS Pack Vendor :STMicroelectronics USB_DEVICE 1.0.0
2022-10-26 02:00:47,465 [INFO] ThirdParty:981 - CMSIS Pack Vendor :STMicroelectronics X-CUBE-SUBG2 5.0.0
2022-10-26 02:00:47,465 [INFO] ThirdParty:981 - CMSIS Pack Vendor :STMicroelectronics STM32_WPAN 1.0.0
2022-10-26 02:00:47,465 [INFO] ThirdParty:981 - CMSIS Pack Vendor :STMicroelectronics X-CUBE-EEPRMA1 3.1.1
2022-10-26 02:00:47,465 [INFO] ThirdParty:981 - CMSIS Pack Vendor :STMicroelectronics ThreadX 0.0.2
2022-10-26 02:00:47,465 [INFO] ThirdParty:981 - CMSIS Pack Vendor :STMicroelectronics lwIP 2.0.3
2022-10-26 02:00:47,465 [INFO] ThirdParty:981 - CMSIS Pack Vendor :STMicroelectronics lwIP 2.1.2
2022-10-26 02:00:47,465 [INFO] ThirdParty:981 - CMSIS Pack Vendor :STMicroelectronics X-CUBE-BLE2 3.3.0
2022-10-26 02:00:47,465 [INFO] ThirdParty:981 - CMSIS Pack Vendor :STMicroelectronics X-CUBE-NFC4 2.0.4
2022-10-26 02:00:47,465 [INFO] ThirdParty:981 - CMSIS Pack Vendor :STMicroelectronics USB_HOST 1.0.0
2022-10-26 02:00:47,465 [INFO] ThirdParty:981 - CMSIS Pack Vendor :STMicroelectronics X-CUBE-DISPLAY 2.2.0
2022-10-26 02:00:47,465 [INFO] ThirdParty:981 - CMSIS Pack Vendor :STMicroelectronics PDM2PCM 3.1.0
2022-10-26 02:00:47,465 [INFO] ThirdParty:981 - CMSIS Pack Vendor :STMicroelectronics PDM2PCM 3.2.0
2022-10-26 02:00:47,465 [INFO] ThirdParty:981 - CMSIS Pack Vendor :STMicroelectronics PDM2PCM 3.3.0
2022-10-26 02:00:47,465 [INFO] ThirdParty:797 - exiting critical section [change project]
2022-10-26 02:00:47,858 [INFO] PinOutPanel:1468 - setPackage(No Configuration,No Configuration)
2022-10-26 02:00:47,858 [INFO] PinOutPanel:1468 - setPackage(STM32F103C6Tx,LQFP48)
2022-10-26 02:00:48,754 [INFO] UtilMem:74 - Before build in PCC Used Memory: 457890752 Bytes (611319808)
2022-10-26 02:00:49,855 [INFO] UtilMem:74 - After build in PCC Used Memory: 491926592 Bytes (611319808)
2022-10-26 02:00:49,898 [INFO] IPUIPlugin:79 - create IPUIPlugin
2022-10-26 02:00:49,898 [INFO] IPUIPlugin:79 - create IPUIPlugin
2022-10-26 02:00:49,898 [INFO] IPUIPlugin:79 - create IPUIPlugin
2022-10-26 02:00:49,898 [INFO] IPUIPlugin:79 - create IPUIPlugin
2022-10-26 02:00:49,898 [INFO] IPUIPlugin:79 - create IPUIPlugin
2022-10-26 02:00:49,898 [INFO] IPUIPlugin:79 - create IPUIPlugin
2022-10-26 02:00:49,902 [INFO] IPUIPlugin:79 - create IPUIPlugin
2022-10-26 02:00:49,902 [INFO] IPUIPlugin:79 - create IPUIPlugin
2022-10-26 02:00:49,902 [INFO] IPUIPlugin:79 - create IPUIPlugin
2022-10-26 02:00:49,902 [INFO] IPUIPlugin:79 - create IPUIPlugin
2022-10-26 02:00:49,902 [INFO] IPUIPlugin:79 - create IPUIPlugin
2022-10-26 02:00:49,902 [INFO] IPUIPlugin:79 - create IPUIPlugin
2022-10-26 02:00:49,902 [INFO] IPUIPlugin:79 - create IPUIPlugin
2022-10-26 02:00:49,902 [INFO] IPUIPlugin:79 - create IPUIPlugin
2022-10-26 02:00:49,902 [INFO] IPUIPlugin:79 - create IPUIPlugin
2022-10-26 02:00:49,902 [INFO] IPUIPlugin:79 - create IPUIPlugin
2022-10-26 02:00:49,902 [INFO] IPUIPlugin:79 - create IPUIPlugin
2022-10-26 02:00:49,902 [INFO] IPUIPlugin:79 - create IPUIPlugin
2022-10-26 02:00:49,902 [INFO] IPUIPlugin:79 - create IPUIPlugin
2022-10-26 02:00:49,902 [INFO] IPUIPlugin:79 - create IPUIPlugin
2022-10-26 02:00:49,902 [INFO] IPUIPlugin:79 - create IPUIPlugin
2022-10-26 02:00:49,902 [INFO] IPUIPlugin:79 - create IPUIPlugin
2022-10-26 02:00:49,902 [INFO] IPUIPlugin:79 - create IPUIPlugin
2022-10-26 02:00:50,308 [INFO] OpenFileManager:327 - Restore cursor
2022-10-26 02:05:51,213 [INFO] MainUpdater:2768 - connection check result : 10
2022-10-26 02:05:51,214 [INFO] MainUpdater:2768 - connection check result : 10
2022-10-26 02:05:51,243 [INFO] MicroXplorer:451 - Change Database Path : 
2022-10-26 02:05:51,243 [INFO] MicroXplorer:481 - Change Database Version : DB.6.0.60
2022-10-26 02:05:51,286 [WARN] ThirdParty:827 - waiting for thirdparty lock release [close project]
2022-10-26 02:05:51,286 [INFO] ThirdParty:829 - entering critical section [close project]
2022-10-26 02:05:51,286 [INFO] ThirdParty:839 - exiting critical section [close project]
2022-10-26 02:05:51,286 [INFO] PinOutPanel:1468 - setPackage(No Configuration,No Configuration)
2022-10-26 02:05:51,303 [INFO] UtilMem:74 - Begin LoadConfig() Used Memory: 483145480 Bytes (611319808)
2022-10-26 02:05:51,303 [INFO] MicroXplorer:451 - Change Database Path : 
2022-10-26 02:05:51,303 [INFO] MicroXplorer:481 - Change Database Version : DB.6.0.60
2022-10-26 02:05:51,303 [INFO] OpenFileManager:307 - Change cursor
2022-10-26 02:05:51,319 [INFO] Mcu:1922 - Initializing MCU STM32F103C(4-6)Tx STM32F103C6Tx STM32F103C6T6A
2022-10-26 02:05:52,209 [INFO] Context:654 - Trying to add GPIOservice into a context  which must be forbidden
2022-10-26 02:05:52,460 [WARN] ApiManager:308 - Cannot register API 'Board Extension:GNSS1A1' from pack STMicroelectronics.X-CUBE-GNSS1.6.0.0: no header file found
2022-10-26 02:05:52,460 [WARN] ApiManager:308 - Cannot register API 'Board Support:Custom' from pack STMicroelectronics.X-CUBE-GNSS1.6.0.0: no header file found
2022-10-26 02:05:52,460 [WARN] ApiManager:308 - Cannot register API 'Data Exchange:lib_gnss' from pack STMicroelectronics.X-CUBE-GNSS1.6.0.0: no header file found
2022-10-26 02:05:52,460 [WARN] ModelIntegratedComponent:64 - No mode defined for component null
2022-10-26 02:05:52,460 [WARN] ModelIntegratedComponent:64 - No mode defined for component null
2022-10-26 02:05:52,475 [WARN] ModelIntegratedComponent:64 - No mode defined for component null
2022-10-26 02:05:52,475 [WARN] ModelIntegratedComponent:64 - No mode defined for component null
2022-10-26 02:05:52,476 [WARN] ModelIntegratedComponent:64 - No mode defined for component null
2022-10-26 02:05:52,476 [WARN] ModelIntegratedComponent:64 - No mode defined for component null
2022-10-26 02:05:52,476 [WARN] ModelIntegratedComponent:64 - No mode defined for component null
2022-10-26 02:05:52,476 [WARN] ModelIntegratedComponent:64 - No mode defined for component null
2022-10-26 02:05:52,476 [WARN] ModelIntegratedComponent:64 - No mode defined for component null
2022-10-26 02:05:52,476 [WARN] ModelIntegratedComponent:64 - No mode defined for component null
2022-10-26 02:05:52,476 [WARN] ModelIntegratedComponent:64 - No mode defined for component null
2022-10-26 02:05:52,476 [WARN] ModelIntegratedComponent:64 - No mode defined for component null
2022-10-26 02:05:52,476 [WARN] ModelIntegratedComponent:64 - No mode defined for component null
2022-10-26 02:05:52,476 [WARN] ModelIntegratedComponent:64 - No mode defined for component null
2022-10-26 02:05:52,476 [WARN] ModelIntegratedComponent:64 - No mode defined for component null
2022-10-26 02:05:52,476 [WARN] ModelIntegratedComponent:64 - No mode defined for component null
2022-10-26 02:05:52,476 [WARN] ModelIntegratedComponent:64 - No mode defined for component null
2022-10-26 02:05:52,476 [WARN] ModelIntegratedComponent:64 - No mode defined for component null
2022-10-26 02:05:52,476 [WARN] ModelIntegratedComponent:64 - No mode defined for component null
2022-10-26 02:05:52,476 [WARN] ModelIntegratedComponent:64 - No mode defined for component null
2022-10-26 02:05:52,476 [WARN] ModelIntegratedComponent:64 - No mode defined for component null
2022-10-26 02:05:52,476 [WARN] ModelIntegratedComponent:64 - No mode defined for component null
2022-10-26 02:05:52,476 [WARN] ModelIntegratedComponent:64 - No mode defined for component null
2022-10-26 02:05:52,476 [WARN] ModelIntegratedComponent:64 - No mode defined for component null
2022-10-26 02:05:52,476 [WARN] ModelIntegratedComponent:64 - No mode defined for component null
2022-10-26 02:05:52,476 [WARN] ModelIntegratedComponent:64 - No mode defined for component null
2022-10-26 02:05:52,476 [WARN] ModelIntegratedComponent:64 - No mode defined for component null
2022-10-26 02:05:52,476 [WARN] ModelIntegratedComponent:64 - No mode defined for component null
2022-10-26 02:05:52,476 [WARN] ModelIntegratedComponent:64 - No mode defined for component null
2022-10-26 02:05:52,476 [WARN] ModelIntegratedComponent:64 - No mode defined for component null
2022-10-26 02:05:52,476 [WARN] ModelIntegratedComponent:64 - No mode defined for component null
2022-10-26 02:05:52,476 [WARN] ModelIntegratedComponent:64 - No mode defined for component null
2022-10-26 02:05:52,476 [WARN] ModelIntegratedComponent:64 - No mode defined for component null
2022-10-26 02:05:52,476 [WARN] ApiManager:308 - Cannot register API 'Board Extension:NFC07A1' from pack STMicroelectronics.X-CUBE-NFC7.1.0.0: no header file found
2022-10-26 02:05:52,476 [WARN] ApiManager:308 - Cannot register API 'Wireless:BlueNRG-MS' from pack STMicroelectronics.X-CUBE-BLE1.6.2.3: no header file found
2022-10-26 02:05:52,476 [INFO] RtosManager:488 - Registered RTOS mode: class=CMSIS, group=RTOS, mode=CMSIS_V1, owner=FREERTOS
2022-10-26 02:05:52,476 [INFO] RtosManager:488 - Registered RTOS mode: class=CMSIS, group=RTOS2, mode=CMSIS_V2, owner=FREERTOS
2022-10-26 02:05:52,476 [INFO] RtosManager:488 - Registered RTOS mode: class=RTOS, group=Core, mode=CMSIS_V1, owner=FREERTOS
2022-10-26 02:05:52,476 [INFO] RtosManager:488 - Registered RTOS mode: class=RTOS, group=Core, mode=CMSIS_V2, owner=FREERTOS
2022-10-26 02:05:52,476 [WARN] ModelIntegratedComponent:185 - Missing modes for component STMicroelectronics:FreeRTOS:0.0.1:STMicroelectronics:RTOS:FreeRTOS:Core:::10.2.0:
2022-10-26 02:05:52,476 [WARN] ApiManager:308 - Cannot register API 'Board Extension:S2868A1' from pack STMicroelectronics.X-CUBE-SUBG2.5.0.0: no header file found
2022-10-26 02:05:52,492 [WARN] ApiManager:308 - Cannot register API 'Board Extension:S2868A2' from pack STMicroelectronics.X-CUBE-SUBG2.5.0.0: no header file found
2022-10-26 02:05:52,492 [WARN] ApiManager:308 - Cannot register API 'Board Extension:S2915A1' from pack STMicroelectronics.X-CUBE-SUBG2.5.0.0: no header file found
2022-10-26 02:05:52,492 [WARN] ApiManager:308 - Cannot register API 'Board Extension:EEPRMA1' from pack STMicroelectronics.X-CUBE-EEPRMA1.3.1.1: no header file found
2022-10-26 02:05:52,492 [WARN] ApiManager:308 - Cannot register API 'Board Extension:EEPRMA2' from pack STMicroelectronics.X-CUBE-EEPRMA1.3.1.1: no header file found
2022-10-26 02:05:52,492 [WARN] ApiManager:308 - Cannot register API 'Wireless:BlueNRG-2' from pack STMicroelectronics.X-CUBE-BLE2.3.3.0: no header file found
2022-10-26 02:05:52,492 [WARN] ApiManager:308 - Cannot register API 'Board Extension:NFC04A1' from pack STMicroelectronics.X-CUBE-NFC4.2.0.4: no header file found
2022-10-26 02:05:52,492 [INFO] ThirdPartyModel:289 - Start build external matchings
2022-10-26 02:05:52,508 [INFO] ThirdPartyModel:302 - End build external matchings
2022-10-26 02:05:52,745 [INFO] UtilMem:74 - End LoadConfig() Used Memory: 515006944 Bytes (611319808)
2022-10-26 02:05:52,886 [WARN] ThirdParty:789 - waiting for thirdparty lock release [change project]
2022-10-26 02:05:52,886 [INFO] ThirdParty:791 - entering critical section [change project]
2022-10-26 02:05:52,886 [INFO] ThirdParty:981 - CMSIS Pack Vendor :STMicroelectronics X-CUBE-GNSS1 6.0.0
2022-10-26 02:05:52,886 [INFO] ThirdParty:981 - CMSIS Pack Vendor :STMicroelectronics X-CUBE-AZRTOS-H7 2.1.0
2022-10-26 02:05:52,886 [INFO] ThirdParty:981 - CMSIS Pack Vendor :STMicroelectronics USB_HOST 2.0.0
2022-10-26 02:05:52,886 [INFO] ThirdParty:981 - CMSIS Pack Vendor :STMicroelectronics LIBJPEG 8.0.0
2022-10-26 02:05:52,886 [INFO] ThirdParty:981 - CMSIS Pack Vendor :STMicroelectronics X-CUBE-AZRTOS-G4 1.0.0
2022-10-26 02:05:52,886 [INFO] ThirdParty:981 - CMSIS Pack Vendor :STMicroelectronics X-CUBE-AZRTOS-L4 1.0.0
2022-10-26 02:05:52,886 [INFO] ThirdParty:981 - CMSIS Pack Vendor :STMicroelectronics USB_DEVICE 3.0.0
2022-10-26 02:05:52,886 [INFO] ThirdParty:981 - CMSIS Pack Vendor :STMicroelectronics HAL Drivers 0.0.0
2022-10-26 02:05:52,886 [INFO] ThirdParty:981 - CMSIS Pack Vendor :STMicroelectronics MBEDTLS 2.16.2
2022-10-26 02:05:52,886 [INFO] ThirdParty:981 - CMSIS Pack Vendor :STMicroelectronics MBEDTLS 2.14.1
2022-10-26 02:05:52,886 [INFO] ThirdParty:981 - CMSIS Pack Vendor :STMicroelectronics X-CUBE-NFC7 1.0.0
2022-10-26 02:05:52,886 [INFO] ThirdParty:981 - CMSIS Pack Vendor :STMicroelectronics X-CUBE-AZRTOS-WL 1.0.0
2022-10-26 02:05:52,886 [INFO] ThirdParty:981 - CMSIS Pack Vendor :STMicroelectronics X-CUBE-ALS 1.0.1
2022-10-26 02:05:52,886 [INFO] ThirdParty:981 - CMSIS Pack Vendor :STMicroelectronics USB_DEVICE 2.0.0
2022-10-26 02:05:52,886 [INFO] ThirdParty:981 - CMSIS Pack Vendor :STMicroelectronics ThreadX 1.0.0
2022-10-26 02:05:52,886 [INFO] ThirdParty:981 - CMSIS Pack Vendor :STMicroelectronics X-CUBE-BLE1 6.2.3
2022-10-26 02:05:52,886 [INFO] ThirdParty:981 - CMSIS Pack Vendor :STMicroelectronics X-CUBE-ALGOBUILD 1.3.0
2022-10-26 02:05:52,886 [INFO] ThirdParty:981 - CMSIS Pack Vendor :STMicroelectronics X-CUBE-AZRTOS-L5 1.0.0
2022-10-26 02:05:52,886 [INFO] ThirdParty:981 - CMSIS Pack Vendor :STMicroelectronics FreeRTOS 0.0.1
2022-10-26 02:05:52,886 [INFO] ThirdParty:981 - CMSIS Pack Vendor :STMicroelectronics USB_DEVICE 1.0.0
2022-10-26 02:05:52,886 [INFO] ThirdParty:981 - CMSIS Pack Vendor :STMicroelectronics X-CUBE-SUBG2 5.0.0
2022-10-26 02:05:52,886 [INFO] ThirdParty:981 - CMSIS Pack Vendor :STMicroelectronics STM32_WPAN 1.0.0
2022-10-26 02:05:52,886 [INFO] ThirdParty:981 - CMSIS Pack Vendor :STMicroelectronics X-CUBE-EEPRMA1 3.1.1
2022-10-26 02:05:52,886 [INFO] ThirdParty:981 - CMSIS Pack Vendor :STMicroelectronics ThreadX 0.0.2
2022-10-26 02:05:52,886 [INFO] ThirdParty:981 - CMSIS Pack Vendor :STMicroelectronics lwIP 2.0.3
2022-10-26 02:05:52,886 [INFO] ThirdParty:981 - CMSIS Pack Vendor :STMicroelectronics lwIP 2.1.2
2022-10-26 02:05:52,886 [INFO] ThirdParty:981 - CMSIS Pack Vendor :STMicroelectronics X-CUBE-BLE2 3.3.0
2022-10-26 02:05:52,886 [INFO] ThirdParty:981 - CMSIS Pack Vendor :STMicroelectronics X-CUBE-NFC4 2.0.4
2022-10-26 02:05:52,886 [INFO] ThirdParty:981 - CMSIS Pack Vendor :STMicroelectronics USB_HOST 1.0.0
2022-10-26 02:05:52,886 [INFO] ThirdParty:981 - CMSIS Pack Vendor :STMicroelectronics X-CUBE-DISPLAY 2.2.0
2022-10-26 02:05:52,886 [INFO] ThirdParty:981 - CMSIS Pack Vendor :STMicroelectronics PDM2PCM 3.1.0
2022-10-26 02:05:52,886 [INFO] ThirdParty:981 - CMSIS Pack Vendor :STMicroelectronics PDM2PCM 3.2.0
2022-10-26 02:05:52,886 [INFO] ThirdParty:981 - CMSIS Pack Vendor :STMicroelectronics PDM2PCM 3.3.0
2022-10-26 02:05:52,890 [INFO] ThirdParty:797 - exiting critical section [change project]
2022-10-26 02:05:53,076 [INFO] PinOutPanel:1468 - setPackage(No Configuration,No Configuration)
2022-10-26 02:05:53,076 [INFO] PinOutPanel:1468 - setPackage(STM32F103C6Tx,LQFP48)
2022-10-26 02:05:53,457 [INFO] UtilMem:74 - Before build in PCC Used Memory: 513327432 Bytes (611319808)
2022-10-26 02:05:53,819 [INFO] UtilMem:74 - After build in PCC Used Memory: 479741376 Bytes (611319808)
2022-10-26 02:05:53,834 [INFO] IPUIPlugin:79 - create IPUIPlugin
2022-10-26 02:05:53,834 [INFO] IPUIPlugin:79 - create IPUIPlugin
2022-10-26 02:05:53,834 [INFO] IPUIPlugin:79 - create IPUIPlugin
2022-10-26 02:05:53,834 [INFO] IPUIPlugin:79 - create IPUIPlugin
2022-10-26 02:05:53,834 [INFO] IPUIPlugin:79 - create IPUIPlugin
2022-10-26 02:05:53,834 [INFO] IPUIPlugin:79 - create IPUIPlugin
2022-10-26 02:05:53,834 [INFO] IPUIPlugin:79 - create IPUIPlugin
2022-10-26 02:05:53,834 [INFO] IPUIPlugin:79 - create IPUIPlugin
2022-10-26 02:05:53,834 [INFO] IPUIPlugin:79 - create IPUIPlugin
2022-10-26 02:05:53,834 [INFO] IPUIPlugin:79 - create IPUIPlugin
2022-10-26 02:05:53,834 [INFO] IPUIPlugin:79 - create IPUIPlugin
2022-10-26 02:05:53,834 [INFO] IPUIPlugin:79 - create IPUIPlugin
2022-10-26 02:05:53,834 [INFO] IPUIPlugin:79 - create IPUIPlugin
2022-10-26 02:05:53,834 [INFO] IPUIPlugin:79 - create IPUIPlugin
2022-10-26 02:05:53,834 [INFO] IPUIPlugin:79 - create IPUIPlugin
2022-10-26 02:05:53,834 [INFO] IPUIPlugin:79 - create IPUIPlugin
2022-10-26 02:05:53,834 [INFO] IPUIPlugin:79 - create IPUIPlugin
2022-10-26 02:05:53,834 [INFO] IPUIPlugin:79 - create IPUIPlugin
2022-10-26 02:05:53,834 [INFO] IPUIPlugin:79 - create IPUIPlugin
2022-10-26 02:05:53,834 [INFO] IPUIPlugin:79 - create IPUIPlugin
2022-10-26 02:05:53,834 [INFO] IPUIPlugin:79 - create IPUIPlugin
2022-10-26 02:05:53,834 [INFO] IPUIPlugin:79 - create IPUIPlugin
2022-10-26 02:05:53,834 [INFO] IPUIPlugin:79 - create IPUIPlugin
2022-10-26 02:05:53,934 [INFO] OpenFileManager:327 - Restore cursor
2022-10-26 06:55:35,064 [ERROR] LogOutputStream:74 - [STDERR_REDIRECT] Warning: NLS missing message: ExternalToolsPreferencePage_External_tool_project_builders_migration_2 in: org.eclipse.ui.externaltools.internal.ui.ExternalToolsUIMessages
2022-10-26 06:55:35,072 [ERROR] LogOutputStream:74 - [STDERR_REDIRECT] Warning: NLS missing message: ExternalToolsPreferencePage_Prompt_before_migrating_3 in: org.eclipse.ui.externaltools.internal.ui.ExternalToolsUIMessages
2022-10-26 06:55:35,076 [ERROR] LogOutputStream:74 - [STDERR_REDIRECT] Warning: NLS missing message: ExternalToolsPreferencePage_1 in: org.eclipse.ui.externaltools.internal.ui.ExternalToolsUIMessages
2022-10-26 07:00:11,660 [INFO] IPUIPlugin:79 - create IPUIPlugin
2022-10-26 07:00:11,660 [INFO] IPUIPlugin:79 - create IPUIPlugin
2022-10-26 07:00:11,660 [INFO] IPUIPlugin:79 - create IPUIPlugin
2022-10-26 07:00:11,696 [INFO] IPUIPlugin:79 - create IPUIPlugin
2022-10-26 07:00:21,408 [INFO] ServerAccessManage:474 - Download File stm32cube_fw_f1_v180.zip
2022-10-26 07:04:10,898 [ERROR] FileExtend:454 - File entry not found
2022-10-26 07:04:10,902 [INFO] FileExtend:239 - Unzip File : stm32cube_fw_f1_v180.zip
2022-10-26 07:04:10,902 [INFO] FileExtend:254 - Standard Zip Deflate
2022-10-26 07:04:27,099 [INFO] ServerAccessManage:474 - Download File stm32cube_fw_f1_v184.zip
2022-10-26 07:05:39,638 [INFO] FileExtend:239 - Unzip File : stm32cube_fw_f1_v184.zip
2022-10-26 07:05:39,642 [INFO] FileExtend:254 - Standard Zip Deflate
2022-10-26 07:05:46,421 [INFO] LoadServerPackagesThread:190 - End of LoadServerPackages Thread
2022-10-26 07:05:46,577 [INFO] ThirdPartyModel:289 - Start build external matchings
2022-10-26 07:05:46,593 [INFO] ThirdPartyModel:302 - End build external matchings
2022-10-26 07:05:46,593 [INFO] CheckServerUpdateThread:119 - End of CheckServer Thread
2022-10-26 07:05:46,601 [INFO] UtilMem:74 - End SaveConfig() Used Memory: 309196720 Bytes (611319808)
2022-10-26 07:05:47,240 [INFO] BlockDiagram:2753 - set Specific Code input for plugin: NVIC
2022-10-26 07:05:47,240 [INFO] BlockDiagram:2753 - set Specific Code input for plugin: GPIO
2022-10-26 07:05:47,240 [INFO] BlockDiagram:2753 - set Specific Code input for plugin: RCC
2022-10-26 07:05:47,240 [INFO] BlockDiagram:2753 - set Specific Code input for plugin: TIM1_8F1
2022-10-26 07:05:47,240 [INFO] BlockDiagram:2753 - set Specific Code input for plugin: TIM1_8F1
2022-10-26 07:05:47,244 [INFO] CodeGenerator:690 - code generatio: config db path: C:\ST\STM32CubeIDE_1.10.1\STM32CubeIDE\plugins\com.st.stm32cube.common.mx_6.6.1.202207061420\\db\
2022-10-26 07:05:47,580 [INFO] CodeEngine:245 - oldGeneratedFile, C:\Users\AdminPC\STM32CubeIDE\workspace_1.10.1\lab2_ex3\MXTmpFiles\license.tmp_save
2022-10-26 07:05:48,008 [INFO] CodeEngine:269 - Generated code: C:\Users\AdminPC\STM32CubeIDE\workspace_1.10.1\lab2_ex3\MXTmpFiles\license.tmp
2022-10-26 07:05:48,160 [INFO] CodeEngine:245 - oldGeneratedFile, C:\Users\AdminPC\STM32CubeIDE\workspace_1.10.1\lab2_ex3\MXTmpFiles\gpio.tmp_save
2022-10-26 07:05:48,328 [INFO] CodeEngine:269 - Generated code: C:\Users\AdminPC\STM32CubeIDE\workspace_1.10.1\lab2_ex3\MXTmpFiles\gpio.tmp
2022-10-26 07:05:48,533 [INFO] CodeEngine:245 - oldGeneratedFile, C:\Users\AdminPC\STM32CubeIDE\workspace_1.10.1\lab2_ex3\Core\Src\stm32f1xx_it.c_save
2022-10-26 07:05:48,697 [INFO] CodeEngine:269 - Generated code: C:\Users\AdminPC\STM32CubeIDE\workspace_1.10.1\lab2_ex3\Core\Src\stm32f1xx_it.c
2022-10-26 07:05:48,746 [INFO] CodeEngine:245 - oldGeneratedFile, C:\Users\AdminPC\STM32CubeIDE\workspace_1.10.1\lab2_ex3\Core\Inc\stm32f1xx_it.h_save
2022-10-26 07:05:48,842 [INFO] CodeEngine:269 - Generated code: C:\Users\AdminPC\STM32CubeIDE\workspace_1.10.1\lab2_ex3\Core\Inc\stm32f1xx_it.h
2022-10-26 07:05:48,906 [INFO] CodeEngine:245 - oldGeneratedFile, C:\Users\AdminPC\STM32CubeIDE\workspace_1.10.1\lab2_ex3\Core\Src\stm32f1xx_hal_msp.c_save
2022-10-26 07:05:49,046 [INFO] CodeEngine:269 - Generated code: C:\Users\AdminPC\STM32CubeIDE\workspace_1.10.1\lab2_ex3\Core\Src\stm32f1xx_hal_msp.c
2022-10-26 07:05:49,088 [INFO] CodeEngine:245 - oldGeneratedFile, C:\Users\AdminPC\STM32CubeIDE\workspace_1.10.1\lab2_ex3\MXTmpFiles\system.tmp_save
2022-10-26 07:05:49,164 [INFO] CodeEngine:269 - Generated code: C:\Users\AdminPC\STM32CubeIDE\workspace_1.10.1\lab2_ex3\MXTmpFiles\system.tmp
2022-10-26 07:05:49,188 [INFO] CodeEngine:245 - oldGeneratedFile, C:\Users\AdminPC\STM32CubeIDE\workspace_1.10.1\lab2_ex3\Core\Inc\stm32f1xx_hal_conf.h_save
2022-10-26 07:05:49,324 [INFO] CodeEngine:269 - Generated code: C:\Users\AdminPC\STM32CubeIDE\workspace_1.10.1\lab2_ex3\Core\Inc\stm32f1xx_hal_conf.h
2022-10-26 07:05:49,352 [WARN] IPConfigManager:3348 - IP not found : TIM
2022-10-26 07:05:49,353 [WARN] CodeGenerator:3567 - IP not found : null
2022-10-26 07:05:49,405 [INFO] CodeEngine:245 - oldGeneratedFile, C:\Users\AdminPC\STM32CubeIDE\workspace_1.10.1\lab2_ex3\Core\Inc\main.h_save
2022-10-26 07:05:49,493 [INFO] CodeEngine:269 - Generated code: C:\Users\AdminPC\STM32CubeIDE\workspace_1.10.1\lab2_ex3\Core\Inc\main.h
2022-10-26 07:05:49,509 [INFO] CodeEngine:245 - oldGeneratedFile, C:\Users\AdminPC\STM32CubeIDE\workspace_1.10.1\lab2_ex3\Core\Src\main.c_save
2022-10-26 07:05:49,713 [INFO] CodeEngine:269 - Generated code: C:\Users\AdminPC\STM32CubeIDE\workspace_1.10.1\lab2_ex3\Core\Src\main.c
2022-10-26 07:05:50,431 [INFO] ProjectBuilder:2919 - Time for Copy HAL[1] : 269mS.
2022-10-26 07:05:50,447 [INFO] ProjectBuilder:4117 - Project Generator version: 3.17.1
2022-10-26 07:05:50,975 [INFO] ConfigFileManager:1394 - The Die is : DIE412
2022-10-26 07:05:51,013 [INFO] ApiDbMcu:505 - Load IP Config File for FATFS
2022-10-26 07:05:51,029 [INFO] ApiDbMcu:505 - Load IP Config File for FREERTOS
2022-10-26 07:05:51,045 [INFO] ApiDbMcu:505 - Load IP Config File for USB_DEVICE
2022-10-26 07:05:53,489 [INFO] ProjectBuilder:4285 - Time for Generating toolchain IDE Files: 3042mS.
2022-10-26 07:05:53,493 [INFO] ProjectBuilder:2790 - Time for Copy CMSIS : 0mS.
2022-10-26 07:05:53,493 [INFO] ProjectBuilder:2790 - Time for Copy CMSIS : 0mS.
2022-10-26 12:44:01,540 [ERROR] LogOutputStream:74 - [STDERR_REDIRECT] 
